# JRE version: OpenJDK Runtime Environment (11.0.16+8) (build 11.0.16+8-post-Ubuntu-0ubuntu122.04)
# Java VM: OpenJDK 64-Bit Server VM (11.0.16+8-post-Ubuntu-0ubuntu122.04, mixed mode, sharing, tiered, compressed oops, g1 gc, linux-amd64)
Heap:
 garbage-first heap   total 160768K, used 75936K [0x0000000085200000, 0x0000000100000000)
  region size 1024K, 39 young (39936K), 5 survivors (5120K)
 Metaspace       used 13366K, capacity 13749K, committed 13952K, reserved 1060864K
  class space    used 1480K, capacity 1615K, committed 1664K, reserved 1048576K
GC Heap History (13 events):
Event: 1.306 GC heap before
{Heap before GC invocations=0 (full 0):
 garbage-first heap   total 129024K, used 14028K [0x0000000085200000, 0x0000000100000000)
  region size 1024K, 14 young (14336K), 0 survivors (0K)
 Metaspace       used 3528K, capacity 5502K, committed 5760K, reserved 1056768K
  class space    used 392K, capacity 601K, committed 640K, reserved 1048576K
}
Event: 1.313 GC heap after
{Heap after GC invocations=1 (full 0):
 garbage-first heap   total 129024K, used 5933K [0x0000000085200000, 0x0000000100000000)
  region size 1024K, 2 young (2048K), 2 survivors (2048K)
 Metaspace       used 3528K, capacity 5502K, committed 5760K, reserved 1056768K
  class space    used 392K, capacity 601K, committed 640K, reserved 1048576K
}
Event: 1.732 GC heap before
{Heap before GC invocations=1 (full 0):
 garbage-first heap   total 129024K, used 16173K [0x0000000085200000, 0x0000000100000000)
  region size 1024K, 12 young (12288K), 2 survivors (2048K)
 Metaspace       used 7551K, capacity 7778K, committed 7936K, reserved 1056768K
  class space    used 848K, capacity 943K, committed 1024K, reserved 1048576K
}
Event: 1.739 GC heap after
{Heap after GC invocations=2 (full 0):
 garbage-first heap   total 129024K, used 7158K [0x0000000085200000, 0x0000000100000000)
  region size 1024K, 2 young (2048K), 2 survivors (2048K)
 Metaspace       used 7551K, capacity 7778K, committed 7936K, reserved 1056768K
  class space    used 848K, capacity 943K, committed 1024K, reserved 1048576K
}
Event: 2.136 GC heap before
{Heap before GC invocations=2 (full 0):
 garbage-first heap   total 129024K, used 34806K [0x0000000085200000, 0x0000000100000000)
  region size 1024K, 30 young (30720K), 2 survivors (2048K)
 Metaspace       used 8822K, capacity 9004K, committed 9088K, reserved 1056768K
  class space    used 995K, capacity 1075K, committed 1152K, reserved 1048576K
}
Event: 2.145 GC heap after
{Heap after GC invocations=3 (full 0):
 garbage-first heap   total 129024K, used 10551K [0x0000000085200000, 0x0000000100000000)
  region size 1024K, 4 young (4096K), 4 survivors (4096K)
 Metaspace       used 8822K, capacity 9004K, committed 9088K, reserved 1056768K
  class space    used 995K, capacity 1075K, committed 1152K, reserved 1048576K
}
Event: 3.004 GC heap before
{Heap before GC invocations=3 (full 0):
 garbage-first heap   total 129024K, used 70967K [0x0000000085200000, 0x0000000100000000)
  region size 1024K, 64 young (65536K), 4 survivors (4096K)
 Metaspace       used 9099K, capacity 9292K, committed 9344K, reserved 1056768K
  class space    used 1031K, capacity 1107K, committed 1152K, reserved 1048576K
}
Event: 3.050 GC heap after
{Heap after GC invocations=4 (full 0):
 garbage-first heap   total 129024K, used 27300K [0x0000000085200000, 0x0000000100000000)
  region size 1024K, 8 young (8192K), 8 survivors (8192K)
 Metaspace       used 9099K, capacity 9292K, committed 9344K, reserved 1056768K
  class space    used 1031K, capacity 1107K, committed 1152K, reserved 1048576K
}
Event: 3.367 GC heap before
{Heap before GC invocations=4 (full 0):
 garbage-first heap   total 129024K, used 32420K [0x0000000085200000, 0x0000000100000000)
  region size 1024K, 13 young (13312K), 8 survivors (8192K)
 Metaspace       used 9964K, capacity 10208K, committed 10496K, reserved 1058816K
  class space    used 1140K, capacity 1244K, committed 1280K, reserved 1048576K
}
Event: 3.418 GC heap after
{Heap after GC invocations=5 (full 0):
 garbage-first heap   total 160768K, used 31344K [0x0000000085200000, 0x0000000100000000)
  region size 1024K, 2 young (2048K), 2 survivors (2048K)
 Metaspace       used 9964K, capacity 10208K, committed 10496K, reserved 1058816K
  class space    used 1140K, capacity 1244K, committed 1280K, reserved 1048576K
}
Event: 4.572 GC heap before
{Heap before GC invocations=5 (full 0):
 garbage-first heap   total 160768K, used 63088K [0x0000000085200000, 0x0000000100000000)
  region size 1024K, 30 young (30720K), 2 survivors (2048K)
 Metaspace       used 13340K, capacity 13685K, committed 13952K, reserved 1060864K
  class space    used 1480K, capacity 1615K, committed 1664K, reserved 1048576K
}
Event: 4.601 GC heap after
{Heap after GC invocations=6 (full 0):
 garbage-first heap   total 160768K, used 41120K [0x0000000085200000, 0x0000000100000000)
  region size 1024K, 4 young (4096K), 4 survivors (4096K)
 Metaspace       used 13340K, capacity 13685K, committed 13952K, reserved 1060864K
  class space    used 1480K, capacity 1615K, committed 1664K, reserved 1048576K
}
Event: 4.888 GC heap before
{Heap before GC invocations=6 (full 0):
 garbage-first heap   total 160768K, used 75936K [0x0000000085200000, 0x0000000100000000)
  region size 1024K, 38 young (38912K), 4 survivors (4096K)
 Metaspace       used 13366K, capacity 13749K, committed 13952K, reserved 1060864K
  class space    used 1480K, capacity 1615K, committed 1664K, reserved 1048576K
}

